#
# A fatal error has been detected by the Java Runtime Environment:
#
#  EXCEPTION_ACCESS_VIOLATION (0xc0000005) at pc=0x00007ff81a538005, pid=16724, tid=6856
#
# JRE version: OpenJDK Runtime Environment (17.0.1+12) (build 17.0.1+12-39)
# Java VM: OpenJDK 64-Bit Server VM (17.0.1+12-39, mixed mode, sharing, tiered, compressed oops, compressed class ptrs, g1 gc, windows-amd64)
# Problematic frame:
# V  [jvm.dll+0x3e8005]
#
# No core dump will be written. Minidumps are not enabled by default on client versions of Windows
#
# If you would like to submit a bug report, please visit:
#   https://bugreport.java.com/bugreport/crash.jsp
#

---------------  S U M M A R Y ------------

Command Line: -ea --enable-preview -Didea.test.cyclic.buffer.size=1048576 -javaagent:E:\IntelliJ IDEA 2024.3.3\lib\idea_rt.jar=55273:E:\IntelliJ IDEA 2024.3.3\bin -javaagent:C:\Users\user\AppData\Local\JetBrains\IntelliJIdea2024.3\captureAgent\debugger-agent.jar -Dkotlinx.coroutines.debug.enable.creation.stack.trace=false -Ddebugger.agent.enable.coroutines=true -Dkotlinx.coroutines.debug.enable.flows.stack.trace=true -Dkotlinx.coroutines.debug.enable.mutable.state.flows.stack.trace=true -Dfile.encoding=UTF-8 com.intellij.rt.junit.JUnitStarter -ideVersion5 -junit5 org.example.Backend.TableStorageManager.TableStorageManagerTest

Host: Intel(R) Core(TM) i5-6400 CPU @ 2.70GHz, 4 cores, 15G,  Windows 10 , 64 bit Build 19041 (10.0.19041.5678)
Time: Sun Apr 27 19:36:05 2025 RTZ 2 (s 10 , 64 bit Build 19041 (10.0.19041.5678) elapsed time: 0.649576 seconds (0d 0h 0m 0s)

---------------  T H R E A D  ---------------

Current thread (0x000002535188bf10):  JavaThread "main" [_thread_in_vm, id=6856, stack(0x00000065f1800000,0x00000065f1900000)]

Stack: [0x00000065f1800000,0x00000065f1900000],  sp=0x00000065f18fc340,  free space=1008k
Native frames: (J=compiled Java code, j=interpreted, Vv=VM code, C=native code)
V  [jvm.dll+0x3e8005]
V  [jvm.dll+0x3d4ed2]
C  [instrument.dll+0x4c03]

Java frames: (J=compiled Java code, j=interpreted, Vv=VM code)
j  java.lang.ClassLoader.defineClass1(Ljava/lang/ClassLoader;Ljava/lang/String;[BIILjava/security/ProtectionDomain;Ljava/lang/String;)Ljava/lang/Class;+0 java.base@17.0.1
j  java.lang.ClassLoader.defineClass(Ljava/lang/String;[BIILjava/security/ProtectionDomain;)Ljava/lang/Class;+27 java.base@17.0.1
j  java.security.SecureClassLoader.defineClass(Ljava/lang/String;[BIILjava/security/CodeSource;)Ljava/lang/Class;+12 java.base@17.0.1
j  jdk.internal.loader.BuiltinClassLoader.defineClass(Ljava/lang/String;Ljdk/internal/loader/Resource;)Ljava/lang/Class;+117 java.base@17.0.1
j  jdk.internal.loader.BuiltinClassLoader.findClassOnClassPathOrNull(Ljava/lang/String;)Ljava/lang/Class;+37 java.base@17.0.1
J 618 c1 jdk.internal.loader.BuiltinClassLoader.loadClassOrNull(Ljava/lang/String;Z)Ljava/lang/Class; java.base@17.0.1 (143 bytes) @ 0x000002535af1b3d4 [0x000002535af1a4c0+0x0000000000000f14]
J 644 c1 jdk.internal.loader.ClassLoaders$AppClassLoader.loadClass(Ljava/lang/String;Z)Ljava/lang/Class; java.base@17.0.1 (40 bytes) @ 0x000002535af2d78c [0x000002535af2d160+0x000000000000062c]
J 643 c1 java.lang.ClassLoader.loadClass(Ljava/lang/String;)Ljava/lang/Class; java.base@17.0.1 (7 bytes) @ 0x000002535af2cdcc [0x000002535af2ccc0+0x000000000000010c]
v  ~StubRoutines::call_stub
j  org.junit.jupiter.engine.discovery.MethodSelectorResolver$MethodType$1.createTestDescriptor(Lorg/junit/platform/engine/UniqueId;Ljava/lang/Class;Ljava/lang/reflect/Method;Lorg/junit/jupiter/engine/config/JupiterConfiguration;)Lorg/junit/platform/engine/TestDescriptor;+0
j  org.junit.jupiter.engine.discovery.MethodSelectorResolver$MethodType.lambda$resolve$1(Ljava/lang/reflect/Method;Ljava/lang/Class;Lorg/junit/jupiter/engine/config/JupiterConfiguration;Lorg/junit/platform/engine/TestDescriptor;)Ljava/util/Optional;+11
j  org.junit.jupiter.engine.discovery.MethodSelectorResolver$MethodType$$Lambda$192+0x0000000800c9cd10.apply(Ljava/lang/Object;)Ljava/lang/Object;+20
j  org.junit.platform.engine.support.discovery.EngineDiscoveryRequestResolution$DefaultContext.createAndAdd(Lorg/junit/platform/engine/TestDescriptor;Ljava/util/function/Function;)Ljava/util/Optional;+2
j  org.junit.platform.engine.support.discovery.EngineDiscoveryRequestResolution$DefaultContext.addToParent(Ljava/util/function/Supplier;Ljava/util/function/Function;)Ljava/util/Optional;+13
j  org.junit.jupiter.engine.discovery.MethodSelectorResolver$MethodType.resolve(Ljava/util/List;Ljava/lang/Class;Ljava/lang/reflect/Method;Lorg/junit/platform/engine/support/discovery/SelectorResolver$Context;Lorg/junit/jupiter/engine/config/JupiterConfiguration;)Ljava/util/Optional;+37
j  org.junit.jupiter.engine.discovery.MethodSelectorResolver$MethodType.access$300(Lorg/junit/jupiter/engine/discovery/MethodSelectorResolver$MethodType;Ljava/util/List;Ljava/lang/Class;Ljava/lang/reflect/Method;Lorg/junit/platform/engine/support/discovery/SelectorResolver$Context;Lorg/junit/jupiter/engine/config/JupiterConfiguration;)Ljava/util/Optional;+8
j  org.junit.jupiter.engine.discovery.MethodSelectorResolver.lambda$resolve$0(Ljava/util/List;Ljava/lang/Class;Ljava/lang/reflect/Method;Lorg/junit/platform/engine/support/discovery/SelectorResolver$Context;Lorg/junit/jupiter/engine/discovery/MethodSelectorResolver$MethodType;)Ljava/util/Optional;+11
j  org.junit.jupiter.engine.discovery.MethodSelectorResolver$$Lambda$183+0x0000000800c9c1f0.apply(Ljava/lang/Object;)Ljava/lang/Object;+24
j  java.util.stream.ReferencePipeline$3$1.accept(Ljava/lang/Object;)V+12 java.base@17.0.1
j  java.util.Spliterators$ArraySpliterator.forEachRemaining(Ljava/util/function/Consumer;)V+53 java.base@17.0.1
j  java.util.stream.AbstractPipeline.copyInto(Ljava/util/stream/Sink;Ljava/util/Spliterator;)V+32 java.base@17.0.1
j  java.util.stream.AbstractPipeline.wrapAndCopyInto(Ljava/util/stream/Sink;Ljava/util/Spliterator;)Ljava/util/stream/Sink;+13 java.base@17.0.1
j  java.util.stream.ReduceOps$ReduceOp.evaluateSequential(Ljava/util/stream/PipelineHelper;Ljava/util/Spliterator;)Ljava/lang/Object;+6 java.base@17.0.1
j  java.util.stream.AbstractPipeline.evaluate(Ljava/util/stream/TerminalOp;)Ljava/lang/Object;+88 java.base@17.0.1
j  java.util.stream.ReferencePipeline.collect(Ljava/util/stream/Collector;)Ljava/lang/Object;+86 java.base@17.0.1
j  org.junit.jupiter.engine.discovery.MethodSelectorResolver.resolve(Lorg/junit/platform/engine/support/discovery/SelectorResolver$Context;Ljava/util/List;Ljava/lang/Class;Ljava/util/function/Supplier;)Lorg/junit/platform/engine/support/discovery/SelectorResolver$Resolution;+84
j  org.junit.jupiter.engine.discovery.MethodSelectorResolver.resolve(Lorg/junit/platform/engine/discovery/MethodSelector;Lorg/junit/platform/engine/support/discovery/SelectorResolver$Context;)Lorg/junit/platform/engine/support/discovery/SelectorResolver$Resolution;+20
j  org.junit.platform.engine.support.discovery.EngineDiscoveryRequestResolution.lambda$resolve$2(Lorg/junit/platform/engine/DiscoverySelector;Lorg/junit/platform/engine/support/discovery/SelectorResolver;)Lorg/junit/platform/engine/support/discovery/SelectorResolver$Resolution;+133
j  org.junit.platform.engine.support.discovery.EngineDiscoveryRequestResolution$$Lambda$91+0x0000000800c1d670.apply(Ljava/lang/Object;)Ljava/lang/Object;+12
j  java.util.stream.ReferencePipeline$3$1.accept(Ljava/lang/Object;)V+12 java.base@17.0.1
j  java.util.ArrayList$ArrayListSpliterator.tryAdvance(Ljava/util/function/Consumer;)Z+48 java.base@17.0.1
j  java.util.stream.ReferencePipeline.forEachWithCancel(Ljava/util/Spliterator;Ljava/util/stream/Sink;)Z+13 java.base@17.0.1
j  java.util.stream.AbstractPipeline.copyIntoWithCancel(Ljava/util/stream/Sink;Ljava/util/Spliterator;)Z+32 java.base@17.0.1
j  java.util.stream.AbstractPipeline.copyInto(Ljava/util/stream/Sink;Ljava/util/Spliterator;)V+49 java.base@17.0.1
j  java.util.stream.AbstractPipeline.wrapAndCopyInto(Ljava/util/stream/Sink;Ljava/util/Spliterator;)Ljava/util/stream/Sink;+13 java.base@17.0.1
j  java.util.stream.FindOps$FindOp.evaluateSequential(Ljava/util/stream/PipelineHelper;Ljava/util/Spliterator;)Ljava/lang/Object;+14 java.base@17.0.1
j  java.util.stream.AbstractPipeline.evaluate(Ljava/util/stream/TerminalOp;)Ljava/lang/Object;+88 java.base@17.0.1
j  java.util.stream.ReferencePipeline.findFirst()Ljava/util/Optional;+5 java.base@17.0.1
j  org.junit.platform.engine.support.discovery.EngineDiscoveryRequestResolution.resolve(Lorg/junit/platform/engine/DiscoverySelector;Ljava/util/function/Function;)Ljava/util/Optional;+25
j  org.junit.platform.engine.support.discovery.EngineDiscoveryRequestResolution.resolve(Lorg/junit/platform/engine/DiscoverySelector;)Ljava/util/Optional;+55
j  org.junit.platform.engine.support.discovery.EngineDiscoveryRequestResolution.resolveCompletely(Lorg/junit/platform/engine/DiscoverySelector;)V+22
j  org.junit.platform.engine.support.discovery.EngineDiscoveryRequestResolution.run()V+46
j  org.junit.platform.engine.support.discovery.EngineDiscoveryRequestResolver.resolve(Lorg/junit/platform/engine/EngineDiscoveryRequest;Lorg/junit/platform/engine/TestDescriptor;)V+59
j  org.junit.jupiter.engine.discovery.DiscoverySelectorResolver.resolveSelectors(Lorg/junit/platform/engine/EngineDiscoveryRequest;Lorg/junit/jupiter/engine/descriptor/JupiterEngineDescriptor;)V+5
j  org.junit.jupiter.engine.JupiterTestEngine.discover(Lorg/junit/platform/engine/EngineDiscoveryRequest;Lorg/junit/platform/engine/UniqueId;)Lorg/junit/platform/engine/TestDescriptor;+42
j  org.junit.platform.launcher.core.EngineDiscoveryOrchestrator.discoverEngineRoot(Lorg/junit/platform/engine/TestEngine;Lorg/junit/platform/launcher/LauncherDiscoveryRequest;Lorg/junit/platform/launcher/LauncherDiscoveryListener;Ljava/util/function/Function;)Lorg/junit/platform/engine/TestDescriptor;+30
j  org.junit.platform.launcher.core.EngineDiscoveryOrchestrator.discoverSafely(Lorg/junit/platform/launcher/LauncherDiscoveryRequest;Lorg/junit/platform/launcher/core/EngineDiscoveryOrchestrator$Phase;Lorg/junit/platform/launcher/LauncherDiscoveryListener;Ljava/util/function/Function;)Ljava/util/Map;+124
j  org.junit.platform.launcher.core.EngineDiscoveryOrchestrator.discover(Lorg/junit/platform/launcher/LauncherDiscoveryRequest;Lorg/junit/platform/launcher/core/EngineDiscoveryOrchestrator$Phase;Ljava/util/function/Function;)Ljava/util/Map;+21
j  org.junit.platform.launcher.core.EngineDiscoveryOrchestrator.discover(Lorg/junit/platform/launcher/LauncherDiscoveryRequest;Lorg/junit/platform/launcher/core/EngineDiscoveryOrchestrator$Phase;)Lorg/junit/platform/launcher/core/LauncherDiscoveryResult;+8
j  org.junit.platform.launcher.core.DefaultLauncher.discover(Lorg/junit/platform/launcher/LauncherDiscoveryRequest;Lorg/junit/platform/launcher/core/EngineDiscoveryOrchestrator$Phase;)Lorg/junit/platform/launcher/core/LauncherDiscoveryResult;+6
j  org.junit.platform.launcher.core.DefaultLauncher.execute(Lorg/junit/platform/launcher/LauncherDiscoveryRequest;[Lorg/junit/platform/launcher/TestExecutionListener;)V+27
j  org.junit.platform.launcher.core.DefaultLauncherSession$DelegatingLauncher.execute(Lorg/junit/platform/launcher/LauncherDiscoveryRequest;[Lorg/junit/platform/launcher/TestExecutionListener;)V+6
j  org.junit.platform.launcher.core.SessionPerRequestLauncher.execute(Lorg/junit/platform/launcher/LauncherDiscoveryRequest;[Lorg/junit/platform/launcher/TestExecutionListener;)V+13
j  com.intellij.junit5.JUnit5IdeaTestRunner.startRunnerWithArgs([Ljava/lang/String;Ljava/lang/String;IZ)I+203
j  com.intellij.rt.junit.IdeaTestRunner$Repeater$1.execute(Z)I+17
j  com.intellij.rt.execution.junit.TestsRepeater.repeat(IZLcom/intellij/rt/execution/junit/TestsRepeater$TestRun;)I+7
j  com.intellij.rt.junit.IdeaTestRunner$Repeater.startRunnerWithArgs(Lcom/intellij/rt/junit/IdeaTestRunner;[Ljava/lang/String;Ljava/util/ArrayList;Ljava/lang/String;IZ)I+25
j  com.intellij.rt.junit.JUnitStarter.prepareStreamsAndStart([Ljava/lang/String;Ljava/lang/String;Ljava/util/ArrayList;Ljava/lang/String;)I+117
j  com.intellij.rt.junit.JUnitStarter.main([Ljava/lang/String;)V+97
v  ~StubRoutines::call_stub

siginfo: EXCEPTION_ACCESS_VIOLATION (0xc0000005), reading address 0xffffffffffffffff


Register to memory mapping:

RIP=0x00007ff81a538005 jvm.dll
RAX=0x200002537603c408 is an unknown value
RBX=0x00000065f18fc428 is pointing into the stack for thread: 0x000002535188bf10
RCX={method} {0x000002537603c508} 
[error occurred during error reporting (printing register info), id 0xc0000005, EXCEPTION_ACCESS_VIOLATION (0xc0000005) at pc=0x00007ff81a774e2a]

Registers:
RAX=0x200002537603c408, RBX=0x00000065f18fc428, RCX=0x000002537603c500, RDX=0x000002537603c500
RSP=0x00000065f18fc340, RBP=0x00000065f18fc4a8, RSI=0x0000000000000000, RDI=0x000002537603c500
R8 =0x0000000000000003, R9 =0x0000000000000000, R10=0x00007ff81abd3630, R11=0x00000065f18fc3a0
R12=0x0000025351958b10, R13=0x0000025351958b08, R14=0x0000000000000000, R15=0x0000025351958af8
RIP=0x00007ff81a538005, EFLAGS=0x0000000000010246

Top of Stack: (sp=0x00000065f18fc340)
0x00000065f18fc340:   00000065f18fc428 0000025351789010
0x00000065f18fc350:   0000025376e779a0 00000253778bd110
0x00000065f18fc360:   000002537603c500 000002535188bf10
0x00000065f18fc370:   0000025351670000 00007ff81a6565d8
0x00000065f18fc380:   000002535177fd68 000002535188bf00
0x00000065f18fc390:   000037c025083cbe 00007ff81a35da55
0x00000065f18fc3a0:   000002535188c1b8 00007ff81a524ed2
0x00000065f18fc3b0:   000002537603c500 000002535188bf10
0x00000065f18fc3c0:   0000025375c0b688 00007ff86ba547b1
0x00000065f18fc3d0:   0000025351958af8 0000025351760000
0x00000065f18fc3e0:   00000253778bd280 0000000000000000
0x00000065f18fc3f0:   00000065f18fc4a8 000000000000000c
0x00000065f18fc400:   000002535188c3f0 000002535188bf10
0x00000065f18fc410:   0000000000000000 0000000000000023
0x00000065f18fc420:   0000025300000000 0000000000000000
0x00000065f18fc430:   0000025351878c20 00007ff8550635ae 

Instructions: (pc=0x00007ff81a538005)
0x00007ff81a537f05:   8b c7 f0 48 0f b1 13 74 68 66 90 48 85 05 61 df
0x00007ff81a537f15:   73 00 74 5d 48 8b c8 f0 48 0f b1 13 48 3b c1 75
0x00007ff81a537f25:   ea 48 8b fa 48 8b c2 48 8b 5c 24 30 48 83 c4 20
0x00007ff81a537f35:   5f c3 48 85 3d 3a df 73 00 74 39 48 8b cf e8 b8
0x00007ff81a537f45:   7b 41 00 48 8b d0 48 85 db 74 26 48 85 c0 74 21
0x00007ff81a537f55:   48 8b c7 f0 48 0f b1 13 74 17 90 48 85 05 11 df
0x00007ff81a537f65:   73 00 74 0d 48 8b c8 f0 48 0f b1 13 48 3b c1 75
0x00007ff81a537f75:   ea 48 8b fa 48 8b 5c 24 30 48 8b c7 48 83 c4 20
0x00007ff81a537f85:   5f c3 cc cc cc cc cc cc cc cc cc 48 89 5c 24 10
0x00007ff81a537f95:   48 89 74 24 18 57 48 83 ec 60 65 48 8b 04 25 58
0x00007ff81a537fa5:   00 00 00 48 8b fa 44 8b 05 c6 f9 73 00 48 8b d9
0x00007ff81a537fb5:   4a 8b 34 c0 b8 48 00 00 00 80 3c 30 00 75 05 e8
0x00007ff81a537fc5:   d3 21 44 00 b9 18 00 00 00 48 8b d7 48 89 54 24
0x00007ff81a537fd5:   20 48 8b 0c 31 48 89 4c 24 28 48 85 ff 74 1b 48
0x00007ff81a537fe5:   8b 89 40 02 00 00 48 8d 54 24 70 48 89 7c 24 70
0x00007ff81a537ff5:   e8 06 2a c2 ff 48 8b 54 24 20 48 8b 42 08 33 f6
0x00007ff81a538005:   0f b7 48 24 48 8b 40 08 48 8b 4c c8 48 48 89 4c
0x00007ff81a538015:   24 30 48 8d 4c 24 30 48 89 54 24 58 33 d2 c7 44
0x00007ff81a538025:   24 38 63 00 00 00 48 89 74 24 40 e8 bb 2f 30 00
0x00007ff81a538035:   48 8b 47 08 48 8d 4b 08 0f b7 50 24 48 8b 40 08
0x00007ff81a538045:   48 8b 54 d0 48 48 89 11 48 8b 54 24 40 c7 41 08
0x00007ff81a538055:   63 00 00 00 48 89 71 10 48 85 d2 74 05 e8 89 36
0x00007ff81a538065:   30 00 48 8d 4c 24 20 e8 1f ef f5 ff 48 8d 05 30
0x00007ff81a538075:   c6 51 00 48 89 73 20 48 8b b4 24 80 00 00 00 48
0x00007ff81a538085:   89 03 48 8b c3 48 8b 5c 24 78 48 83 c4 60 5f c3
0x00007ff81a538095:   cc cc cc cc cc cc cc cc cc cc cc 41 56 41 57 48
0x00007ff81a5380a5:   81 ec a8 00 00 00 b8 01 00 00 00 4c 8b f2 87 05
0x00007ff81a5380b5:   3f 3a 70 00 4c 8b f9 83 f8 01 75 11 b8 fb ff ff
0x00007ff81a5380c5:   ff 48 81 c4 a8 00 00 00 41 5f 41 5e c3 48 89 9c
0x00007ff81a5380d5:   24 c0 00 00 00 33 db 8b c3 87 05 44 b5 69 00 85
0x00007ff81a5380e5:   c0 75 17 8d 43 ff 48 8b 9c 24 c0 00 00 00 48 81
0x00007ff81a5380f5:   c4 a8 00 00 00 41 5f 41 5e c3 48 89 b4 24 a0 00 


Stack slot to memory mapping:
stack at sp + 0 slots: 0x00000065f18fc428 is pointing into the stack for thread: 0x000002535188bf10
stack at sp + 1 slots: 0x0000025351789010 points into unknown readable memory: 0x0000000000000000 | 00 00 00 00 00 00 00 00
stack at sp + 2 slots: 0x0000025376e779a0 points into unknown readable memory: 0x726f0023a68b0002 | 02 00 8b a6 23 00 6f 72
stack at sp + 3 slots: 0x00000253778bd110 points into unknown readable memory: 0x000002537775b3e0 | e0 b3 75 77 53 02 00 00
stack at sp + 4 slots: {method} {0x000002537603c508} 
[error occurred during error reporting (inspecting top of stack), id 0xc0000005, EXCEPTION_ACCESS_VIOLATION (0xc0000005) at pc=0x00007ff81a774e2a]


---------------  P R O C E S S  ---------------

Threads class SMR info:
_java_thread_list=0x00000253778a9710, length=14, elements={
0x000002535188bf10, 0x0000025375c01860, 0x0000025375c025e0, 0x0000025375c19f30,
0x0000025375c1c800, 0x0000025375c1d0c0, 0x0000025375c25990, 0x0000025375c29b30,
0x0000025375c2c930, 0x0000025375c2f630, 0x0000025375bef4a0, 0x00000253769806a0,
0x0000025376a2a4d0, 0x00000253773f7a90
}

Java Threads: ( => current thread )
=>0x000002535188bf10 JavaThread "main" [_thread_in_vm, id=6856, stack(0x00000065f1800000,0x00000065f1900000)]
  0x0000025375c01860 JavaThread "Reference Handler" daemon [_thread_blocked, id=5892, stack(0x00000065f1f00000,0x00000065f2000000)]
  0x0000025375c025e0 JavaThread "Finalizer" daemon [_thread_blocked, id=12792, stack(0x00000065f2000000,0x00000065f2100000)]
  0x0000025375c19f30 JavaThread "Signal Dispatcher" daemon [_thread_blocked, id=14780, stack(0x00000065f2100000,0x00000065f2200000)]
  0x0000025375c1c800 JavaThread "Attach Listener" daemon [_thread_in_vm, id=9332, stack(0x00000065f2200000,0x00000065f2300000)]
  0x0000025375c1d0c0 JavaThread "Service Thread" daemon [_thread_blocked, id=10808, stack(0x00000065f2300000,0x00000065f2400000)]
  0x0000025375c25990 JavaThread "Monitor Deflation Thread" daemon [_thread_blocked, id=3216, stack(0x00000065f2400000,0x00000065f2500000)]
  0x0000025375c29b30 JavaThread "C2 CompilerThread0" daemon [_thread_blocked, id=780, stack(0x00000065f2500000,0x00000065f2600000)]
  0x0000025375c2c930 JavaThread "C1 CompilerThread0" daemon [_thread_blocked, id=7784, stack(0x00000065f2600000,0x00000065f2700000)]
  0x0000025375c2f630 JavaThread "Sweeper thread" daemon [_thread_blocked, id=12648, stack(0x00000065f2700000,0x00000065f2800000)]
  0x0000025375bef4a0 JavaThread "Common-Cleaner" daemon [_thread_blocked, id=5544, stack(0x00000065f2800000,0x00000065f2900000)]
  0x00000253769806a0 JavaThread "Monitor Ctrl-Break" daemon [_thread_in_native, id=7024, stack(0x00000065f2900000,0x00000065f2a00000)]
  0x0000025376a2a4d0 JavaThread "Notification Thread" daemon [_thread_blocked, id=768, stack(0x00000065f2a00000,0x00000065f2b00000)]
  0x00000253773f7a90 JavaThread "C2 CompilerThread1" daemon [_thread_blocked, id=9660, stack(0x00000065f2f00000,0x00000065f3000000)]

Other Threads:
  0x0000025375bfcd50 VMThread "VM Thread" [stack: 0x00000065f1e00000,0x00000065f1f00000] [id=1784]
  0x0000025376a8c480 WatcherThread [stack: 0x00000065f2b00000,0x00000065f2c00000] [id=752]
  0x00000253518dbe30 GCTaskThread "GC Thread#0" [stack: 0x00000065f1900000,0x00000065f1a00000] [id=1408]
  0x0000025376edb320 GCTaskThread "GC Thread#1" [stack: 0x00000065f2c00000,0x00000065f2d00000] [id=11656]
  0x0000025376eb8d90 GCTaskThread "GC Thread#2" [stack: 0x00000065f2d00000,0x00000065f2e00000] [id=4476]
  0x0000025376eff3d0 GCTaskThread "GC Thread#3" [stack: 0x00000065f2e00000,0x00000065f2f00000] [id=15232]
  0x00000253518ed220 ConcurrentGCThread "G1 Main Marker" [stack: 0x00000065f1a00000,0x00000065f1b00000] [id=7720]
  0x00000253518edb40 ConcurrentGCThread "G1 Conc#0" [stack: 0x00000065f1b00000,0x00000065f1c00000] [id=17184]
  0x0000025375ac20c0 ConcurrentGCThread "G1 Refine#0" [stack: 0x00000065f1c00000,0x00000065f1d00000] [id=14940]
  0x0000025375ac29f0 ConcurrentGCThread "G1 Service" [stack: 0x00000065f1d00000,0x00000065f1e00000] [id=15656]

Threads with active compile tasks:

VM state: not at safepoint (normal execution)

VM Mutex/Monitor currently owned by a thread: None

Heap address: 0x0000000701000000, size: 4080 MB, Compressed Oops mode: Zero based, Oop shift amount: 3

CDS archive(s) mapped at: [0x0000000800000000-0x0000000800bc0000-0x0000000800bc0000), size 12320768, SharedBaseAddress: 0x0000000800000000, ArchiveRelocationMode: 0.
Compressed class space mapped at: 0x0000000800c00000-0x0000000840c00000, reserved size: 1073741824
Narrow klass base: 0x0000000800000000, Narrow klass shift: 0, Narrow klass range: 0x100000000

GC Precious Log:
 CPUs: 4 total, 4 available
 Memory: 16317M
 Large Page Support: Disabled
 NUMA Support: Disabled
 Compressed Oops: Enabled (Zero based)
 Heap Region Size: 2M
 Heap Min Capacity: 8M
 Heap Initial Capacity: 256M
 Heap Max Capacity: 4080M
 Pre-touch: Disabled
 Parallel Workers: 4
 Concurrent Workers: 1
 Concurrent Refinement Workers: 4
 Periodic GC: Disabled

Heap:
 garbage-first heap   total 262144K, used 11513K [0x0000000701000000, 0x0000000800000000)
  region size 2048K, 6 young (12288K), 1 survivors (2048K)
 Metaspace       used 8107K, committed 8256K, reserved 1056768K
  class space    used 865K, committed 960K, reserved 1048576K

Heap Regions: E=young(eden), S=young(survivor), O=old, HS=humongous(starts), HC=humongous(continues), CS=collection set, F=free, OA=open archive, CA=closed archive, TAMS=top-at-mark-start (previous, next)
|   0|0x0000000701000000, 0x000000070113e600, 0x0000000701200000| 62%| O|  |TAMS 0x0000000701000000, 0x0000000701000000| Untracked 
|   1|0x0000000701200000, 0x0000000701200000, 0x0000000701400000|  0%| F|  |TAMS 0x0000000701200000, 0x0000000701200000| Untracked 
|   2|0x0000000701400000, 0x0000000701400000, 0x0000000701600000|  0%| F|  |TAMS 0x0000000701400000, 0x0000000701400000| Untracked 
|   3|0x0000000701600000, 0x0000000701600000, 0x0000000701800000|  0%| F|  |TAMS 0x0000000701600000, 0x0000000701600000| Untracked 
|   4|0x0000000701800000, 0x0000000701800000, 0x0000000701a00000|  0%| F|  |TAMS 0x0000000701800000, 0x0000000701800000| Untracked 
|   5|0x0000000701a00000, 0x0000000701a00000, 0x0000000701c00000|  0%| F|  |TAMS 0x0000000701a00000, 0x0000000701a00000| Untracked 
|   6|0x0000000701c00000, 0x0000000701c00000, 0x0000000701e00000|  0%| F|  |TAMS 0x0000000701c00000, 0x0000000701c00000| Untracked 
|   7|0x0000000701e00000, 0x0000000701e00000, 0x0000000702000000|  0%| F|  |TAMS 0x0000000701e00000, 0x0000000701e00000| Untracked 
|   8|0x0000000702000000, 0x0000000702000000, 0x0000000702200000|  0%| F|  |TAMS 0x0000000702000000, 0x0000000702000000| Untracked 
|   9|0x0000000702200000, 0x0000000702200000, 0x0000000702400000|  0%| F|  |TAMS 0x0000000702200000, 0x0000000702200000| Untracked 
|  10|0x0000000702400000, 0x0000000702400000, 0x0000000702600000|  0%| F|  |TAMS 0x0000000702400000, 0x0000000702400000| Untracked 
|  11|0x0000000702600000, 0x0000000702600000, 0x0000000702800000|  0%| F|  |TAMS 0x0000000702600000, 0x0000000702600000| Untracked 
|  12|0x0000000702800000, 0x0000000702800000, 0x0000000702a00000|  0%| F|  |TAMS 0x0000000702800000, 0x0000000702800000| Untracked 
|  13|0x0000000702a00000, 0x0000000702a00000, 0x0000000702c00000|  0%| F|  |TAMS 0x0000000702a00000, 0x0000000702a00000| Untracked 
|  14|0x0000000702c00000, 0x0000000702c00000, 0x0000000702e00000|  0%| F|  |TAMS 0x0000000702c00000, 0x0000000702c00000| Untracked 
|  15|0x0000000702e00000, 0x0000000702e00000, 0x0000000703000000|  0%| F|  |TAMS 0x0000000702e00000, 0x0000000702e00000| Untracked 
|  16|0x0000000703000000, 0x0000000703000000, 0x0000000703200000|  0%| F|  |TAMS 0x0000000703000000, 0x0000000703000000| Untracked 
|  17|0x0000000703200000, 0x0000000703200000, 0x0000000703400000|  0%| F|  |TAMS 0x0000000703200000, 0x0000000703200000| Untracked 
|  18|0x0000000703400000, 0x0000000703400000, 0x0000000703600000|  0%| F|  |TAMS 0x0000000703400000, 0x0000000703400000| Untracked 
|  19|0x0000000703600000, 0x0000000703600000, 0x0000000703800000|  0%| F|  |TAMS 0x0000000703600000, 0x0000000703600000| Untracked 
|  20|0x0000000703800000, 0x0000000703800000, 0x0000000703a00000|  0%| F|  |TAMS 0x0000000703800000, 0x0000000703800000| Untracked 
|  21|0x0000000703a00000, 0x0000000703a00000, 0x0000000703c00000|  0%| F|  |TAMS 0x0000000703a00000, 0x0000000703a00000| Untracked 
|  22|0x0000000703c00000, 0x0000000703c00000, 0x0000000703e00000|  0%| F|  |TAMS 0x0000000703c00000, 0x0000000703c00000| Untracked 
|  23|0x0000000703e00000, 0x0000000703e00000, 0x0000000704000000|  0%| F|  |TAMS 0x0000000703e00000, 0x0000000703e00000| Untracked 
|  24|0x0000000704000000, 0x0000000704000000, 0x0000000704200000|  0%| F|  |TAMS 0x0000000704000000, 0x0000000704000000| Untracked 
|  25|0x0000000704200000, 0x0000000704200000, 0x0000000704400000|  0%| F|  |TAMS 0x0000000704200000, 0x0000000704200000| Untracked 
|  26|0x0000000704400000, 0x0000000704400000, 0x0000000704600000|  0%| F|  |TAMS 0x0000000704400000, 0x0000000704400000| Untracked 
|  27|0x0000000704600000, 0x0000000704600000, 0x0000000704800000|  0%| F|  |TAMS 0x0000000704600000, 0x0000000704600000| Untracked 
|  28|0x0000000704800000, 0x0000000704800000, 0x0000000704a00000|  0%| F|  |TAMS 0x0000000704800000, 0x0000000704800000| Untracked 
|  29|0x0000000704a00000, 0x0000000704a00000, 0x0000000704c00000|  0%| F|  |TAMS 0x0000000704a00000, 0x0000000704a00000| Untracked 
|  30|0x0000000704c00000, 0x0000000704c00000, 0x0000000704e00000|  0%| F|  |TAMS 0x0000000704c00000, 0x0000000704c00000| Untracked 
|  31|0x0000000704e00000, 0x0000000704e00000, 0x0000000705000000|  0%| F|  |TAMS 0x0000000704e00000, 0x0000000704e00000| Untracked 
|  32|0x0000000705000000, 0x0000000705000000, 0x0000000705200000|  0%| F|  |TAMS 0x0000000705000000, 0x0000000705000000| Untracked 
|  33|0x0000000705200000, 0x0000000705200000, 0x0000000705400000|  0%| F|  |TAMS 0x0000000705200000, 0x0000000705200000| Untracked 
|  34|0x0000000705400000, 0x0000000705400000, 0x0000000705600000|  0%| F|  |TAMS 0x0000000705400000, 0x0000000705400000| Untracked 
|  35|0x0000000705600000, 0x0000000705600000, 0x0000000705800000|  0%| F|  |TAMS 0x0000000705600000, 0x0000000705600000| Untracked 
|  36|0x0000000705800000, 0x0000000705800000, 0x0000000705a00000|  0%| F|  |TAMS 0x0000000705800000, 0x0000000705800000| Untracked 
|  37|0x0000000705a00000, 0x0000000705a00000, 0x0000000705c00000|  0%| F|  |TAMS 0x0000000705a00000, 0x0000000705a00000| Untracked 
|  38|0x0000000705c00000, 0x0000000705c00000, 0x0000000705e00000|  0%| F|  |TAMS 0x0000000705c00000, 0x0000000705c00000| Untracked 
|  39|0x0000000705e00000, 0x0000000705e00000, 0x0000000706000000|  0%| F|  |TAMS 0x0000000705e00000, 0x0000000705e00000| Untracked 
|  40|0x0000000706000000, 0x0000000706000000, 0x0000000706200000|  0%| F|  |TAMS 0x0000000706000000, 0x0000000706000000| Untracked 
|  41|0x0000000706200000, 0x0000000706200000, 0x0000000706400000|  0%| F|  |TAMS 0x0000000706200000, 0x0000000706200000| Untracked 
|  42|0x0000000706400000, 0x0000000706400000, 0x0000000706600000|  0%| F|  |TAMS 0x0000000706400000, 0x0000000706400000| Untracked 
|  43|0x0000000706600000, 0x0000000706600000, 0x0000000706800000|  0%| F|  |TAMS 0x0000000706600000, 0x0000000706600000| Untracked 
|  44|0x0000000706800000, 0x0000000706800000, 0x0000000706a00000|  0%| F|  |TAMS 0x0000000706800000, 0x0000000706800000| Untracked 
|  45|0x0000000706a00000, 0x0000000706a00000, 0x0000000706c00000|  0%| F|  |TAMS 0x0000000706a00000, 0x0000000706a00000| Untracked 
|  46|0x0000000706c00000, 0x0000000706c00000, 0x0000000706e00000|  0%| F|  |TAMS 0x0000000706c00000, 0x0000000706c00000| Untracked 
|  47|0x0000000706e00000, 0x0000000706e00000, 0x0000000707000000|  0%| F|  |TAMS 0x0000000706e00000, 0x0000000706e00000| Untracked 
|  48|0x0000000707000000, 0x0000000707000000, 0x0000000707200000|  0%| F|  |TAMS 0x0000000707000000, 0x0000000707000000| Untracked 
|  49|0x0000000707200000, 0x0000000707200000, 0x0000000707400000|  0%| F|  |TAMS 0x0000000707200000, 0x0000000707200000| Untracked 
|  50|0x0000000707400000, 0x0000000707400000, 0x0000000707600000|  0%| F|  |TAMS 0x0000000707400000, 0x0000000707400000| Untracked 
|  51|0x0000000707600000, 0x0000000707600000, 0x0000000707800000|  0%| F|  |TAMS 0x0000000707600000, 0x0000000707600000| Untracked 
|  52|0x0000000707800000, 0x0000000707800000, 0x0000000707a00000|  0%| F|  |TAMS 0x0000000707800000, 0x0000000707800000| Untracked 
|  53|0x0000000707a00000, 0x0000000707a00000, 0x0000000707c00000|  0%| F|  |TAMS 0x0000000707a00000, 0x0000000707a00000| Untracked 
|  54|0x0000000707c00000, 0x0000000707c00000, 0x0000000707e00000|  0%| F|  |TAMS 0x0000000707c00000, 0x0000000707c00000| Untracked 
|  55|0x0000000707e00000, 0x0000000707e00000, 0x0000000708000000|  0%| F|  |TAMS 0x0000000707e00000, 0x0000000707e00000| Untracked 
|  56|0x0000000708000000, 0x0000000708000000, 0x0000000708200000|  0%| F|  |TAMS 0x0000000708000000, 0x0000000708000000| Untracked 
|  57|0x0000000708200000, 0x0000000708200000, 0x0000000708400000|  0%| F|  |TAMS 0x0000000708200000, 0x0000000708200000| Untracked 
|  58|0x0000000708400000, 0x0000000708400000, 0x0000000708600000|  0%| F|  |TAMS 0x0000000708400000, 0x0000000708400000| Untracked 
|  59|0x0000000708600000, 0x0000000708600000, 0x0000000708800000|  0%| F|  |TAMS 0x0000000708600000, 0x0000000708600000| Untracked 
|  60|0x0000000708800000, 0x0000000708800000, 0x0000000708a00000|  0%| F|  |TAMS 0x0000000708800000, 0x0000000708800000| Untracked 
|  61|0x0000000708a00000, 0x0000000708a00000, 0x0000000708c00000|  0%| F|  |TAMS 0x0000000708a00000, 0x0000000708a00000| Untracked 
|  62|0x0000000708c00000, 0x0000000708c00000, 0x0000000708e00000|  0%| F|  |TAMS 0x0000000708c00000, 0x0000000708c00000| Untracked 
|  63|0x0000000708e00000, 0x0000000708e00000, 0x0000000709000000|  0%| F|  |TAMS 0x0000000708e00000, 0x0000000708e00000| Untracked 
|  64|0x0000000709000000, 0x0000000709000000, 0x0000000709200000|  0%| F|  |TAMS 0x0000000709000000, 0x0000000709000000| Untracked 
|  65|0x0000000709200000, 0x0000000709200000, 0x0000000709400000|  0%| F|  |TAMS 0x0000000709200000, 0x0000000709200000| Untracked 
|  66|0x0000000709400000, 0x0000000709400000, 0x0000000709600000|  0%| F|  |TAMS 0x0000000709400000, 0x0000000709400000| Untracked 
|  67|0x0000000709600000, 0x0000000709600000, 0x0000000709800000|  0%| F|  |TAMS 0x0000000709600000, 0x0000000709600000| Untracked 
|  68|0x0000000709800000, 0x0000000709800000, 0x0000000709a00000|  0%| F|  |TAMS 0x0000000709800000, 0x0000000709800000| Untracked 
|  69|0x0000000709a00000, 0x0000000709a00000, 0x0000000709c00000|  0%| F|  |TAMS 0x0000000709a00000, 0x0000000709a00000| Untracked 
|  70|0x0000000709c00000, 0x0000000709c00000, 0x0000000709e00000|  0%| F|  |TAMS 0x0000000709c00000, 0x0000000709c00000| Untracked 
|  71|0x0000000709e00000, 0x0000000709e00000, 0x000000070a000000|  0%| F|  |TAMS 0x0000000709e00000, 0x0000000709e00000| Untracked 
|  72|0x000000070a000000, 0x000000070a000000, 0x000000070a200000|  0%| F|  |TAMS 0x000000070a000000, 0x000000070a000000| Untracked 
|  73|0x000000070a200000, 0x000000070a200000, 0x000000070a400000|  0%| F|  |TAMS 0x000000070a200000, 0x000000070a200000| Untracked 
|  74|0x000000070a400000, 0x000000070a400000, 0x000000070a600000|  0%| F|  |TAMS 0x000000070a400000, 0x000000070a400000| Untracked 
|  75|0x000000070a600000, 0x000000070a600000, 0x000000070a800000|  0%| F|  |TAMS 0x000000070a600000, 0x000000070a600000| Untracked 
|  76|0x000000070a800000, 0x000000070a800000, 0x000000070aa00000|  0%| F|  |TAMS 0x000000070a800000, 0x000000070a800000| Untracked 
|  77|0x000000070aa00000, 0x000000070aa00000, 0x000000070ac00000|  0%| F|  |TAMS 0x000000070aa00000, 0x000000070aa00000| Untracked 
|  78|0x000000070ac00000, 0x000000070ac00000, 0x000000070ae00000|  0%| F|  |TAMS 0x000000070ac00000, 0x000000070ac00000| Untracked 
|  79|0x000000070ae00000, 0x000000070ae00000, 0x000000070b000000|  0%| F|  |TAMS 0x000000070ae00000, 0x000000070ae00000| Untracked 
|  80|0x000000070b000000, 0x000000070b000000, 0x000000070b200000|  0%| F|  |TAMS 0x000000070b000000, 0x000000070b000000| Untracked 
|  81|0x000000070b200000, 0x000000070b200000, 0x000000070b400000|  0%| F|  |TAMS 0x000000070b200000, 0x000000070b200000| Untracked 
|  82|0x000000070b400000, 0x000000070b400000, 0x000000070b600000|  0%| F|  |TAMS 0x000000070b400000, 0x000000070b400000| Untracked 
|  83|0x000000070b600000, 0x000000070b600000, 0x000000070b800000|  0%| F|  |TAMS 0x000000070b600000, 0x000000070b600000| Untracked 
|  84|0x000000070b800000, 0x000000070b800000, 0x000000070ba00000|  0%| F|  |TAMS 0x000000070b800000, 0x000000070b800000| Untracked 
|  85|0x000000070ba00000, 0x000000070ba00000, 0x000000070bc00000|  0%| F|  |TAMS 0x000000070ba00000, 0x000000070ba00000| Untracked 
|  86|0x000000070bc00000, 0x000000070bc00000, 0x000000070be00000|  0%| F|  |TAMS 0x000000070bc00000, 0x000000070bc00000| Untracked 
|  87|0x000000070be00000, 0x000000070be00000, 0x000000070c000000|  0%| F|  |TAMS 0x000000070be00000, 0x000000070be00000| Untracked 
|  88|0x000000070c000000, 0x000000070c000000, 0x000000070c200000|  0%| F|  |TAMS 0x000000070c000000, 0x000000070c000000| Untracked 
|  89|0x000000070c200000, 0x000000070c200000, 0x000000070c400000|  0%| F|  |TAMS 0x000000070c200000, 0x000000070c200000| Untracked 
|  90|0x000000070c400000, 0x000000070c400000, 0x000000070c600000|  0%| F|  |TAMS 0x000000070c400000, 0x000000070c400000| Untracked 
|  91|0x000000070c600000, 0x000000070c600000, 0x000000070c800000|  0%| F|  |TAMS 0x000000070c600000, 0x000000070c600000| Untracked 
|  92|0x000000070c800000, 0x000000070c800000, 0x000000070ca00000|  0%| F|  |TAMS 0x000000070c800000, 0x000000070c800000| Untracked 
|  93|0x000000070ca00000, 0x000000070ca00000, 0x000000070cc00000|  0%| F|  |TAMS 0x000000070ca00000, 0x000000070ca00000| Untracked 
|  94|0x000000070cc00000, 0x000000070cc00000, 0x000000070ce00000|  0%| F|  |TAMS 0x000000070cc00000, 0x000000070cc00000| Untracked 
|  95|0x000000070ce00000, 0x000000070ce00000, 0x000000070d000000|  0%| F|  |TAMS 0x000000070ce00000, 0x000000070ce00000| Untracked 
|  96|0x000000070d000000, 0x000000070d000000, 0x000000070d200000|  0%| F|  |TAMS 0x000000070d000000, 0x000000070d000000| Untracked 
|  97|0x000000070d200000, 0x000000070d200000, 0x000000070d400000|  0%| F|  |TAMS 0x000000070d200000, 0x000000070d200000| Untracked 
|  98|0x000000070d400000, 0x000000070d400000, 0x000000070d600000|  0%| F|  |TAMS 0x000000070d400000, 0x000000070d400000| Untracked 
|  99|0x000000070d600000, 0x000000070d600000, 0x000000070d800000|  0%| F|  |TAMS 0x000000070d600000, 0x000000070d600000| Untracked 
| 100|0x000000070d800000, 0x000000070d800000, 0x000000070da00000|  0%| F|  |TAMS 0x000000070d800000, 0x000000070d800000| Untracked 
| 101|0x000000070da00000, 0x000000070da00000, 0x000000070dc00000|  0%| F|  |TAMS 0x000000070da00000, 0x000000070da00000| Untracked 
| 102|0x000000070dc00000, 0x000000070dc00000, 0x000000070de00000|  0%| F|  |TAMS 0x000000070dc00000, 0x000000070dc00000| Untracked 
| 103|0x000000070de00000, 0x000000070de00000, 0x000000070e000000|  0%| F|  |TAMS 0x000000070de00000, 0x000000070de00000| Untracked 
| 104|0x000000070e000000, 0x000000070e000000, 0x000000070e200000|  0%| F|  |TAMS 0x000000070e000000, 0x000000070e000000| Untracked 
| 105|0x000000070e200000, 0x000000070e200000, 0x000000070e400000|  0%| F|  |TAMS 0x000000070e200000, 0x000000070e200000| Untracked 
| 106|0x000000070e400000, 0x000000070e400000, 0x000000070e600000|  0%| F|  |TAMS 0x000000070e400000, 0x000000070e400000| Untracked 
| 107|0x000000070e600000, 0x000000070e600000, 0x000000070e800000|  0%| F|  |TAMS 0x000000070e600000, 0x000000070e600000| Untracked 
| 108|0x000000070e800000, 0x000000070e800000, 0x000000070ea00000|  0%| F|  |TAMS 0x000000070e800000, 0x000000070e800000| Untracked 
| 109|0x000000070ea00000, 0x000000070ea00000, 0x000000070ec00000|  0%| F|  |TAMS 0x000000070ea00000, 0x000000070ea00000| Untracked 
| 110|0x000000070ec00000, 0x000000070ec00000, 0x000000070ee00000|  0%| F|  |TAMS 0x000000070ec00000, 0x000000070ec00000| Untracked 
| 111|0x000000070ee00000, 0x000000070ee00000, 0x000000070f000000|  0%| F|  |TAMS 0x000000070ee00000, 0x000000070ee00000| Untracked 
| 112|0x000000070f000000, 0x000000070f000000, 0x000000070f200000|  0%| F|  |TAMS 0x000000070f000000, 0x000000070f000000| Untracked 
| 113|0x000000070f200000, 0x000000070f200000, 0x000000070f400000|  0%| F|  |TAMS 0x000000070f200000, 0x000000070f200000| Untracked 
| 114|0x000000070f400000, 0x000000070f400000, 0x000000070f600000|  0%| F|  |TAMS 0x000000070f400000, 0x000000070f400000| Untracked 
| 115|0x000000070f600000, 0x000000070f600000, 0x000000070f800000|  0%| F|  |TAMS 0x000000070f600000, 0x000000070f600000| Untracked 
| 116|0x000000070f800000, 0x000000070f800000, 0x000000070fa00000|  0%| F|  |TAMS 0x000000070f800000, 0x000000070f800000| Untracked 
| 117|0x000000070fa00000, 0x000000070fa00000, 0x000000070fc00000|  0%| F|  |TAMS 0x000000070fa00000, 0x000000070fa00000| Untracked 
| 118|0x000000070fc00000, 0x000000070fc00000, 0x000000070fe00000|  0%| F|  |TAMS 0x000000070fc00000, 0x000000070fc00000| Untracked 
| 119|0x000000070fe00000, 0x000000070fe00000, 0x0000000710000000|  0%| F|  |TAMS 0x000000070fe00000, 0x000000070fe00000| Untracked 
| 120|0x0000000710000000, 0x0000000710000000, 0x0000000710200000|  0%| F|  |TAMS 0x0000000710000000, 0x0000000710000000| Untracked 
| 121|0x0000000710200000, 0x0000000710400000, 0x0000000710400000|100%| S|CS|TAMS 0x0000000710200000, 0x0000000710200000| Complete 
| 122|0x0000000710400000, 0x0000000710400000, 0x0000000710600000|  0%| F|  |TAMS 0x0000000710400000, 0x0000000710400000| Untracked 
| 123|0x0000000710600000, 0x00000007106cfea8, 0x0000000710800000| 40%| E|  |TAMS 0x0000000710600000, 0x0000000710600000| Complete 
| 124|0x0000000710800000, 0x0000000710a00000, 0x0000000710a00000|100%| E|CS|TAMS 0x0000000710800000, 0x0000000710800000| Complete 
| 125|0x0000000710a00000, 0x0000000710c00000, 0x0000000710c00000|100%| E|CS|TAMS 0x0000000710a00000, 0x0000000710a00000| Complete 
| 126|0x0000000710c00000, 0x0000000710e00000, 0x0000000710e00000|100%| E|CS|TAMS 0x0000000710c00000, 0x0000000710c00000| Complete 
| 127|0x0000000710e00000, 0x0000000711000000, 0x0000000711000000|100%| E|CS|TAMS 0x0000000710e00000, 0x0000000710e00000| Complete 

Card table byte_map: [0x000002536a6a0000,0x000002536aea0000] _byte_map_base: 0x0000025366e98000

Marking Bits (Prev, Next): (CMBitMap*) 0x00000253518dc250, (CMBitMap*) 0x00000253518dc290
 Prev Bits: [0x000002536b6a0000, 0x000002536f660000)
 Next Bits: [0x000002536f660000, 0x0000025373620000)

Polling page: 0x00000253516e0000

Metaspace:

Usage:
  Non-class:      7.07 MB used.
      Class:    865.05 KB used.
       Both:      7.92 MB used.

Virtual space:
  Non-class space:        8.00 MB reserved,       7.12 MB ( 89%) committed,  1 nodes.
      Class space:        1.00 GB reserved,     960.00 KB ( <1%) committed,  1 nodes.
             Both:        1.01 GB reserved,       8.06 MB ( <1%) committed. 

Chunk freelists:
   Non-Class:  896.00 KB
       Class:  3.01 MB
        Both:  3.89 MB

MaxMetaspaceSize: unlimited
CompressedClassSpaceSize: 1.00 GB
Initial GC threshold: 21.00 MB
Current GC threshold: 21.00 MB
CDS: on
MetaspaceReclaimPolicy: balanced
 - commit_granule_bytes: 65536.
 - commit_granule_words: 8192.
 - virtual_space_node_default_size: 1048576.
 - enlarge_chunks_in_place: 1.
 - new_chunks_are_fully_committed: 0.
 - uncommit_free_chunks: 1.
 - use_allocation_guard: 0.
 - handle_deallocations: 1.


Internal statistics:

num_allocs_failed_limit: 0.
num_arena_births: 100.
num_arena_deaths: 0.
num_vsnodes_births: 2.
num_vsnodes_deaths: 0.
num_space_committed: 129.
num_space_uncommitted: 0.
num_chunks_returned_to_freelist: 0.
num_chunks_taken_from_freelist: 210.
num_chunk_merges: 0.
num_chunk_splits: 106.
num_chunks_enlarged: 63.
num_purges: 0.
num_inconsistent_stats: 0.

CodeHeap 'non-profiled nmethods': size=120000Kb used=327Kb max_used=327Kb free=119672Kb
 bounds [0x0000025362350000, 0x00000253625c0000, 0x0000025369880000]
CodeHeap 'profiled nmethods': size=120000Kb used=1761Kb max_used=1761Kb free=118239Kb
 bounds [0x000002535ae20000, 0x000002535b090000, 0x0000025362350000]
CodeHeap 'non-nmethods': size=5760Kb used=1153Kb max_used=1177Kb free=4606Kb
 bounds [0x000002535a880000, 0x000002535aaf0000, 0x000002535ae20000]
 total_blobs=1474 nmethods=1030 adapters=357
 compilation: enabled
              stopped_count=0, restarted_count=0
 full_count=0

Compilation events (20 events):
Event: 0.579 Thread 0x0000025375c2c930 nmethod 1023 0x000002535afcbd90 code [0x000002535afcbf60, 0x000002535afcc298]
Event: 0.579 Thread 0x0000025375c2c930 1024       3       java.lang.invoke.MethodHandleNatives::isCallerSensitive (29 bytes)
Event: 0.580 Thread 0x0000025375c2c930 nmethod 1024 0x000002535afcc410 code [0x000002535afcc600, 0x000002535afccb88]
Event: 0.580 Thread 0x0000025375c2c930 1025       3       java.lang.invoke.MethodHandleNatives::canBeCalledVirtual (50 bytes)
Event: 0.580 Thread 0x0000025375c2c930 nmethod 1025 0x000002535afccd90 code [0x000002535afccf80, 0x000002535afcd468]
Event: 0.580 Thread 0x0000025375c2c930 1029       3       jdk.internal.org.objectweb.asm.Handler::putExceptionTable (63 bytes)
Event: 0.580 Thread 0x0000025375c2c930 nmethod 1029 0x000002535afcd610 code [0x000002535afcd820, 0x000002535afcdca8]
Event: 0.580 Thread 0x0000025375c2c930 1028       3       jdk.internal.org.objectweb.asm.MethodWriter::putMethodInfo (1274 bytes)
Event: 0.584 Thread 0x0000025375c2c930 nmethod 1028 0x000002535afcdf90 code [0x000002535afce660, 0x000002535afd0fc8]
Event: 0.584 Thread 0x0000025375c2c930 1027       3       jdk.internal.org.objectweb.asm.MethodWriter::hasFrames (13 bytes)
Event: 0.584 Thread 0x0000025375c2c930 nmethod 1027 0x000002535afd2290 code [0x000002535afd2420, 0x000002535afd2598]
Event: 0.584 Thread 0x0000025375c2c930 1031       3       java.lang.invoke.MethodHandles$Lookup::checkSecurityManager (97 bytes)
Event: 0.587 Thread 0x0000025375c2c930 nmethod 1031 0x000002535afd2610 code [0x000002535afd2b80, 0x000002535afd5938]
Event: 0.587 Thread 0x0000025375c2c930 1032       3       java.lang.invoke.MethodType::changeReturnType (20 bytes)
Event: 0.587 Thread 0x0000025375c2c930 nmethod 1032 0x000002535afd6690 code [0x000002535afd6840, 0x000002535afd6a08]
Event: 0.587 Thread 0x0000025375c2c930 1030   !   3       java.lang.reflect.Executable::declaredAnnotations (85 bytes)
Event: 0.587 Thread 0x0000025375c2c930 nmethod 1030 0x000002535afd6a90 code [0x000002535afd6cc0, 0x000002535afd75e8]
Event: 0.587 Thread 0x0000025375c2c930 1026       3       java.lang.Module::isStaticallyExportedOrOpen (70 bytes)
Event: 0.588 Thread 0x0000025375c2c930 nmethod 1026 0x000002535afd7990 code [0x000002535afd7ba0, 0x000002535afd8298]
Event: 0.590 Thread 0x00000253773f7a90 nmethod 979 0x000002536239fe90 code [0x00000253623a00c0, 0x00000253623a1700]

GC Heap History (2 events):
Event: 0.405 GC heap before
{Heap before GC invocations=0 (full 0):
 garbage-first heap   total 262144K, used 10240K [0x0000000701000000, 0x0000000800000000)
  region size 2048K, 6 young (12288K), 0 survivors (0K)
 Metaspace       used 3896K, committed 4032K, reserved 1056768K
  class space    used 383K, committed 448K, reserved 1048576K
}
Event: 0.408 GC heap after
{Heap after GC invocations=1 (full 0):
 garbage-first heap   total 262144K, used 3321K [0x0000000701000000, 0x0000000800000000)
  region size 2048K, 1 young (2048K), 1 survivors (2048K)
 Metaspace       used 3896K, committed 4032K, reserved 1056768K
  class space    used 383K, committed 448K, reserved 1048576K
}

Deoptimization events (20 events):
Event: 0.317 Thread 0x000002535188bf10 Uncommon trap: trap_request=0xffffff45 fr.pc=0x0000025362373be4 relative=0x0000000000000064
Event: 0.317 Thread 0x000002535188bf10 Uncommon trap: reason=unstable_if action=reinterpret pc=0x0000025362373be4 method=java.io.WinNTFileSystem.isSlash(C)Z @ 9 c2
Event: 0.317 Thread 0x000002535188bf10 DEOPT PACKING pc=0x0000025362373be4 sp=0x00000065f18feae0
Event: 0.317 Thread 0x000002535188bf10 DEOPT UNPACKING pc=0x000002535a8d23a3 sp=0x00000065f18fea68 mode 2
Event: 0.434 Thread 0x000002535188bf10 Uncommon trap: trap_request=0xffffff45 fr.pc=0x00000253623623a0 relative=0x0000000000000940
Event: 0.434 Thread 0x000002535188bf10 Uncommon trap: reason=unstable_if action=reinterpret pc=0x00000253623623a0 method=java.util.HashMap.putVal(ILjava/lang/Object;Ljava/lang/Object;ZZ)Ljava/lang/Object; @ 181 c2
Event: 0.434 Thread 0x000002535188bf10 DEOPT PACKING pc=0x00000253623623a0 sp=0x00000065f18fd930
Event: 0.434 Thread 0x000002535188bf10 DEOPT UNPACKING pc=0x000002535a8d23a3 sp=0x00000065f18fd8d0 mode 2
Event: 0.459 Thread 0x0000025375c1c800 Uncommon trap: trap_request=0xffffff45 fr.pc=0x00000253623805d4 relative=0x0000000000000234
Event: 0.459 Thread 0x0000025375c1c800 Uncommon trap: reason=unstable_if action=reinterpret pc=0x00000253623805d4 method=java.lang.String.startsWith(Ljava/lang/String;I)Z @ 14 c2
Event: 0.459 Thread 0x0000025375c1c800 DEOPT PACKING pc=0x00000253623805d4 sp=0x00000065f22fecd0
Event: 0.459 Thread 0x0000025375c1c800 DEOPT UNPACKING pc=0x000002535a8d23a3 sp=0x00000065f22fec30 mode 2
Event: 0.503 Thread 0x000002535188bf10 Uncommon trap: trap_request=0xffffffde fr.pc=0x00000253623886b0 relative=0x00000000000013b0
Event: 0.503 Thread 0x000002535188bf10 Uncommon trap: reason=class_check action=maybe_recompile pc=0x00000253623886b0 method=java.util.HashMap.putVal(ILjava/lang/Object;Ljava/lang/Object;ZZ)Ljava/lang/Object; @ 253 c2
Event: 0.503 Thread 0x000002535188bf10 DEOPT PACKING pc=0x00000253623886b0 sp=0x00000065f18fdde0
Event: 0.503 Thread 0x000002535188bf10 DEOPT UNPACKING pc=0x000002535a8d23a3 sp=0x00000065f18fdd38 mode 2
Event: 0.503 Thread 0x000002535188bf10 Uncommon trap: trap_request=0xffffffde fr.pc=0x00000253623886b0 relative=0x00000000000013b0
Event: 0.503 Thread 0x000002535188bf10 Uncommon trap: reason=class_check action=maybe_recompile pc=0x00000253623886b0 method=java.util.HashMap.putVal(ILjava/lang/Object;Ljava/lang/Object;ZZ)Ljava/lang/Object; @ 253 c2
Event: 0.503 Thread 0x000002535188bf10 DEOPT PACKING pc=0x00000253623886b0 sp=0x00000065f18fdc30
Event: 0.503 Thread 0x000002535188bf10 DEOPT UNPACKING pc=0x000002535a8d23a3 sp=0x00000065f18fdb88 mode 2

Classes unloaded (0 events):
No events

Classes redefined (1 events):
Event: 0.170 Thread 0x0000025375bfcd50 redefined class name=java.lang.Throwable, count=1

Internal exceptions (20 events):
Event: 0.169 Thread 0x00000253769806a0 Exception <a 'java/lang/NoSuchMethodError'{0x0000000710cc45c8}: 'void java.lang.invoke.DirectMethodHandle$Holder.invokeStatic(java.lang.Object, java.lang.Object)'> (0x0000000710cc45c8) 
thrown [t:\workspace\open\src\hotspot\share\interpreter\linkResolver.cpp, line 766]
Event: 0.213 Thread 0x000002535188bf10 Exception <a 'java/lang/NoSuchMethodError'{0x0000000710de5a18}: 'java.lang.Object java.lang.invoke.DirectMethodHandle$Holder.invokeStaticInit(java.lang.Object, int)'> (0x0000000710de5a18) 
thrown [t:\workspace\open\src\hotspot\share\interpreter\linkResolver.cpp, line 766]
Event: 0.233 Thread 0x000002535188bf10 Exception <a 'java/lang/NoSuchMethodError'{0x0000000710a73af0}: 'java.lang.Object java.lang.invoke.DirectMethodHandle$Holder.invokeInterface(java.lang.Object, java.lang.Object)'> (0x0000000710a73af0) 
thrown [t:\workspace\open\src\hotspot\share\interpreter\linkResolver.cpp, line 766]
Event: 0.332 Thread 0x000002535188bf10 Exception <a 'java/lang/NoSuchMethodError'{0x00000007107f5428}: 'void java.lang.invoke.DirectMethodHandle$Holder.invokeStatic(java.lang.Object, java.lang.Object, java.lang.Object)'> (0x00000007107f5428) 
thrown [t:\workspace\open\src\hotspot\share\interpreter\linkResolver.cpp, line 766]
Event: 0.351 Thread 0x000002535188bf10 Exception <a 'java/lang/NoSuchMethodError'{0x000000071047d4a0}: 'java.lang.Object java.lang.invoke.DirectMethodHandle$Holder.invokeVirtual(java.lang.Object, java.lang.Object, java.lang.Object)'> (0x000000071047d4a0) 
thrown [t:\workspace\open\src\hotspot\share\interpreter\linkResolver.cpp, line 766]
Event: 0.369 Thread 0x000002535188bf10 Exception <a 'java/lang/NoSuchMethodError'{0x00000007104fc758}: 'int java.lang.invoke.DirectMethodHandle$Holder.invokeVirtual(java.lang.Object, java.lang.Object)'> (0x00000007104fc758) 
thrown [t:\workspace\open\src\hotspot\share\interpreter\linkResolver.cpp, line 766]
Event: 0.396 Thread 0x000002535188bf10 Exception <a 'java/lang/NoSuchMethodError'{0x00000007105bcf08}: 'int java.lang.invoke.DirectMethodHandle$Holder.invokeSpecial(java.lang.Object, java.lang.Object, java.lang.Object)'> (0x00000007105bcf08) 
thrown [t:\workspace\open\src\hotspot\share\interpreter\linkResolver.cpp, line 766]
Event: 0.414 Thread 0x000002535188bf10 Exception <a 'java/lang/NoSuchMethodError'{0x0000000710e41318}: 'void java.lang.invoke.DirectMethodHandle$Holder.invokeInterface(java.lang.Object, java.lang.Object)'> (0x0000000710e41318) 
thrown [t:\workspace\open\src\hotspot\share\interpreter\linkResolver.cpp, line 766]
Event: 0.414 Thread 0x000002535188bf10 Exception <a 'java/lang/IncompatibleClassChangeError'{0x0000000710e448c8}: Found class java.lang.Object, but interface was expected> (0x0000000710e448c8) 
thrown [t:\workspace\open\src\hotspot\share\interpreter\linkResolver.cpp, line 833]
Event: 0.430 Thread 0x000002535188bf10 Exception <a 'java/lang/NoSuchMethodError'{0x0000000710f09790}: 'java.lang.Object java.lang.invoke.DirectMethodHandle$Holder.invokeStaticInit(java.lang.Object, java.lang.Object, java.lang.Object)'> (0x0000000710f09790) 
thrown [t:\workspace\open\src\hotspot\share\interpreter\linkResolver.cpp, line 766]
Event: 0.432 Thread 0x000002535188bf10 Exception <a 'java/lang/NoSuchMethodError'{0x0000000710f10f90}: 'void java.lang.invoke.DirectMethodHandle$Holder.invokeStaticInit(java.lang.Object, java.lang.Object, java.lang.Object)'> (0x0000000710f10f90) 
thrown [t:\workspace\open\src\hotspot\share\interpreter\linkResolver.cpp, line 766]
Event: 0.450 Thread 0x000002535188bf10 Exception <a 'java/lang/IncompatibleClassChangeError'{0x0000000710f8cf88}: Found class java.lang.Object, but interface was expected> (0x0000000710f8cf88) 
thrown [t:\workspace\open\src\hotspot\share\interpreter\linkResolver.cpp, line 833]
Event: 0.472 Thread 0x000002535188bf10 Exception <a 'java/lang/NoSuchMethodError'{0x0000000710ce9930}: 'java.lang.Object java.lang.invoke.DirectMethodHandle$Holder.newInvokeSpecial(java.lang.Object, java.lang.Object, java.lang.Object, java.lang.Object, java.lang.Object)'> (0x0000000710ce9930) 
thrown [t:\workspace\open\src\hotspot\share\interpreter\linkResolver.cpp, line 766]
Event: 0.493 Thread 0x0000025375c1c800 Exception <a 'java/lang/NoSuchMethodError'{0x0000000710a668f8}: 'int java.lang.invoke.DirectMethodHandle$Holder.invokeInterface(java.lang.Object, java.lang.Object)'> (0x0000000710a668f8) 
thrown [t:\workspace\open\src\hotspot\share\interpreter\linkResolver.cpp, line 766]
Event: 0.493 Thread 0x0000025375c1c800 Exception <a 'java/lang/IncompatibleClassChangeError'{0x0000000710a69cc8}: Found class java.lang.Object, but interface was expected> (0x0000000710a69cc8) 
thrown [t:\workspace\open\src\hotspot\share\interpreter\linkResolver.cpp, line 833]
Event: 0.516 Thread 0x000002535188bf10 Exception <a 'java/lang/NoSuchMethodError'{0x0000000710b85228}: 'java.lang.Object java.lang.invoke.DirectMethodHandle$Holder.invokeSpecialIFC(java.lang.Object, java.lang.Object, java.lang.Object, java.lang.Object)'> (0x0000000710b85228) 
thrown [t:\workspace\open\src\hotspot\share\interpreter\linkResolver.cpp, line 766]
Event: 0.522 Thread 0x000002535188bf10 Exception <a 'java/lang/NoSuchMethodError'{0x0000000710bd0780}: 'java.lang.Object java.lang.invoke.DirectMethodHandle$Holder.invokeInterface(java.lang.Object, java.lang.Object, java.lang.Object)'> (0x0000000710bd0780) 
thrown [t:\workspace\open\src\hotspot\share\interpreter\linkResolver.cpp, line 766]
Event: 0.524 Thread 0x000002535188bf10 Exception <a 'java/lang/NoSuchMethodError'{0x0000000710be3be8}: 'void java.lang.invoke.DirectMethodHandle$Holder.invokeSpecial(java.lang.Object, java.lang.Object, java.lang.Object)'> (0x0000000710be3be8) 
thrown [t:\workspace\open\src\hotspot\share\interpreter\linkResolver.cpp, line 766]
Event: 0.553 Thread 0x000002535188bf10 Exception <a 'java/lang/NoSuchMethodError'{0x000000071094ec18}: 'void java.lang.invoke.DirectMethodHandle$Holder.invokeInterface(java.lang.Object, java.lang.Object, java.lang.Object)'> (0x000000071094ec18) 
thrown [t:\workspace\open\src\hotspot\share\interpreter\linkResolver.cpp, line 766]
Event: 0.579 Thread 0x000002535188bf10 Exception <a 'java/lang/NoSuchMethodError'{0x00000007109bfd20}: 'java.lang.Object java.lang.invoke.DirectMethodHandle$Holder.newInvokeSpecial(java.lang.Object, java.lang.Object, java.lang.Object, java.lang.Object, java.lang.Object, java.lang.Object)'> (0x00000007109bfd20) 
thrown [t:\workspace\open\src\hotspot\share\interpreter\linkResolver.cpp, line 766]

VM Operations (16 events):
Event: 0.107 Executing VM operation: HandshakeAllThreads
Event: 0.107 Executing VM operation: HandshakeAllThreads done
Event: 0.154 Executing VM operation: HandshakeAllThreads
Event: 0.154 Executing VM operation: HandshakeAllThreads done
Event: 0.170 Executing VM operation: RedefineClasses
Event: 0.171 Executing VM operation: RedefineClasses done
Event: 0.317 Executing VM operation: HandshakeAllThreads
Event: 0.317 Executing VM operation: HandshakeAllThreads done
Event: 0.404 Executing VM operation: G1CollectForAllocation
Event: 0.408 Executing VM operation: G1CollectForAllocation done
Event: 0.439 Executing VM operation: HandshakeAllThreads
Event: 0.439 Executing VM operation: HandshakeAllThreads done
Event: 0.497 Executing VM operation: HandshakeAllThreads
Event: 0.498 Executing VM operation: HandshakeAllThreads done
Event: 0.580 Executing VM operation: HandshakeAllThreads
Event: 0.580 Executing VM operation: HandshakeAllThreads done

Events (20 events):
Event: 0.581 loading class org/junit/platform/engine/DiscoverySelector done
Event: 0.581 loading class sun/rmi/runtime/Log$LoggerLog
Event: 0.581 loading class sun/rmi/runtime/Log$LoggerLog done
Event: 0.581 loading class sun/rmi/runtime/Log$LoggerLog$1
Event: 0.581 loading class sun/rmi/runtime/Log$LoggerLog$1 done
Event: 0.581 loading class sun/rmi/runtime/Log$InternalStreamHandler
Event: 0.582 loading class java/util/logging/StreamHandler
Event: 0.582 loading class java/util/logging/StreamHandler done
Event: 0.582 loading class sun/rmi/runtime/Log$InternalStreamHandler done
Event: 0.582 loading class java/util/logging/SimpleFormatter
Event: 0.582 loading class java/util/logging/Formatter
Event: 0.582 loading class java/util/logging/Formatter done
Event: 0.582 loading class java/util/logging/SimpleFormatter done
Event: 0.582 loading class jdk/internal/logger/SurrogateLogger
Event: 0.583 loading class org/junit/jupiter/engine/discovery/MethodSelectorResolver$MethodType
Event: 0.583 loading class org/junit/jupiter/engine/discovery/MethodSelectorResolver$MethodType done
Event: 0.583 loading class org/junit/platform/engine/TestDescriptor
Event: 0.583 loading class org/junit/platform/engine/TestDescriptor done
Event: 0.584 loading class org/junit/jupiter/engine/descriptor/TestMethodTestDescriptor
Event: 0.584 loading class org/junit/jupiter/engine/descriptor/TestMethodTestDescriptor done


Dynamic libraries:
0x00007ff6f2ee0000 - 0x00007ff6f2eee000 	E:\jdk-17.0.1\bin\java.exe
0x00007ff86ba30000 - 0x00007ff86bc28000 	C:\Windows\SYSTEM32\ntdll.dll
0x00007ff86b140000 - 0x00007ff86b202000 	C:\Windows\System32\KERNEL32.DLL
0x00007ff8691a0000 - 0x00007ff869496000 	C:\Windows\System32\KERNELBASE.dll
0x00007ff869700000 - 0x00007ff869800000 	C:\Windows\System32\ucrtbase.dll
0x00007ff855090000 - 0x00007ff8550a8000 	E:\jdk-17.0.1\bin\jli.dll
0x00007ff855070000 - 0x00007ff85508a000 	E:\jdk-17.0.1\bin\VCRUNTIME140.dll
0x00007ff869a50000 - 0x00007ff869bed000 	C:\Windows\System32\USER32.dll
0x00007ff854060000 - 0x00007ff8542fa000 	C:\Windows\WinSxS\amd64_microsoft.windows.common-controls_6595b64144ccf1df_6.0.19041.4355_none_60b8b9eb71f62e16\COMCTL32.dll
0x00007ff8690c0000 - 0x00007ff8690e2000 	C:\Windows\System32\win32u.dll
0x00007ff86b3c0000 - 0x00007ff86b45e000 	C:\Windows\System32\msvcrt.dll
0x00007ff869e90000 - 0x00007ff869ebb000 	C:\Windows\System32\GDI32.dll
0x00007ff8694a0000 - 0x00007ff8695ba000 	C:\Windows\System32\gdi32full.dll
0x00007ff869800000 - 0x00007ff86989d000 	C:\Windows\System32\msvcp_win.dll
0x00007ff86a5b0000 - 0x00007ff86a5df000 	C:\Windows\System32\IMM32.DLL
0x00007ff8654a0000 - 0x00007ff8654ac000 	E:\jdk-17.0.1\bin\vcruntime140_1.dll
0x00007ff8429a0000 - 0x00007ff842a2d000 	E:\jdk-17.0.1\bin\msvcp140.dll
0x00007ff81a150000 - 0x00007ff81ad0e000 	E:\jdk-17.0.1\bin\server\jvm.dll
0x00007ff86a050000 - 0x00007ff86a0ff000 	C:\Windows\System32\ADVAPI32.dll
0x00007ff86a110000 - 0x00007ff86a1af000 	C:\Windows\System32\sechost.dll
0x00007ff869f20000 - 0x00007ff86a043000 	C:\Windows\System32\RPCRT4.dll
0x00007ff8690f0000 - 0x00007ff869117000 	C:\Windows\System32\bcrypt.dll
0x00007ff86a750000 - 0x00007ff86a758000 	C:\Windows\System32\PSAPI.DLL
0x00007ff85dd60000 - 0x00007ff85dd69000 	C:\Windows\SYSTEM32\WSOCK32.dll
0x00007ff85f980000 - 0x00007ff85f9a7000 	C:\Windows\SYSTEM32\WINMM.dll
0x00007ff86b0d0000 - 0x00007ff86b13b000 	C:\Windows\System32\WS2_32.dll
0x00007ff862f60000 - 0x00007ff862f6a000 	C:\Windows\SYSTEM32\VERSION.dll
0x00007ff866f60000 - 0x00007ff866f72000 	C:\Windows\SYSTEM32\kernel.appcore.dll
0x00007ff85acf0000 - 0x00007ff85acfa000 	E:\jdk-17.0.1\bin\jimage.dll
0x00007ff85ec10000 - 0x00007ff85edf4000 	C:\Windows\SYSTEM32\DBGHELP.DLL
0x00007ff849950000 - 0x00007ff849984000 	C:\Windows\SYSTEM32\dbgcore.DLL
0x00007ff8695c0000 - 0x00007ff869642000 	C:\Windows\System32\bcryptPrimitives.dll
0x00007ff855060000 - 0x00007ff85506e000 	E:\jdk-17.0.1\bin\instrument.dll
0x00007ff854a30000 - 0x00007ff854a55000 	E:\jdk-17.0.1\bin\java.dll
0x00007ff852ea0000 - 0x00007ff852eb8000 	E:\jdk-17.0.1\bin\zip.dll
0x00007ff833230000 - 0x00007ff833306000 	E:\jdk-17.0.1\bin\svml.dll
0x00007ff86a760000 - 0x00007ff86aecf000 	C:\Windows\System32\SHELL32.dll
0x00007ff867160000 - 0x00007ff867903000 	C:\Windows\SYSTEM32\windows.storage.dll
0x00007ff86a240000 - 0x00007ff86a595000 	C:\Windows\System32\combase.dll
0x00007ff868af0000 - 0x00007ff868b1b000 	C:\Windows\SYSTEM32\Wldp.dll
0x00007ff869dc0000 - 0x00007ff869e8d000 	C:\Windows\System32\OLEAUT32.dll
0x00007ff86a640000 - 0x00007ff86a6ed000 	C:\Windows\System32\SHCORE.dll
0x00007ff86b510000 - 0x00007ff86b565000 	C:\Windows\System32\shlwapi.dll
0x00007ff868ff0000 - 0x00007ff869015000 	C:\Windows\SYSTEM32\profapi.dll
0x00007ff852e80000 - 0x00007ff852e99000 	E:\jdk-17.0.1\bin\net.dll
0x00007ff862f90000 - 0x00007ff86309a000 	C:\Windows\SYSTEM32\WINHTTP.dll
0x00007ff8687e0000 - 0x00007ff86884c000 	C:\Windows\system32\mswsock.dll
0x00007ff845ae0000 - 0x00007ff845af5000 	E:\jdk-17.0.1\bin\nio.dll
0x00007ff8443f0000 - 0x00007ff84440a000 	E:\IntelliJ IDEA 2024.3.3\bin\breakgen64.dll
0x00007ff868500000 - 0x00007ff8685ca000 	C:\Windows\SYSTEM32\DNSAPI.dll
0x00007ff868460000 - 0x00007ff86849b000 	C:\Windows\SYSTEM32\IPHLPAPI.DLL
0x00007ff86a100000 - 0x00007ff86a108000 	C:\Windows\System32\NSI.dll
0x00007ff85b640000 - 0x00007ff85b64a000 	C:\Windows\System32\rasadhlp.dll
0x00007ff85ea20000 - 0x00007ff85eaa0000 	C:\Windows\System32\fwpuclnt.dll
0x00007ff8536a0000 - 0x00007ff8536a9000 	E:\jdk-17.0.1\bin\management.dll
0x00007ff852d30000 - 0x00007ff852d3b000 	E:\jdk-17.0.1\bin\management_ext.dll

dbghelp: loaded successfully - version: 4.0.5 - missing functions: none
symbol engine: initialized successfully - sym options: 0x614 - pdb path: .;E:\jdk-17.0.1\bin;C:\Windows\SYSTEM32;C:\Windows\WinSxS\amd64_microsoft.windows.common-controls_6595b64144ccf1df_6.0.19041.4355_none_60b8b9eb71f62e16;E:\jdk-17.0.1\bin\server;E:\IntelliJ IDEA 2024.3.3\bin

VM Arguments:
jvm_args: -ea --enable-preview -Didea.test.cyclic.buffer.size=1048576 -javaagent:E:\IntelliJ IDEA 2024.3.3\lib\idea_rt.jar=55273:E:\IntelliJ IDEA 2024.3.3\bin -javaagent:C:\Users\user\AppData\Local\JetBrains\IntelliJIdea2024.3\captureAgent\debugger-agent.jar -Dkotlinx.coroutines.debug.enable.creation.stack.trace=false -Ddebugger.agent.enable.coroutines=true -Dkotlinx.coroutines.debug.enable.flows.stack.trace=true -Dkotlinx.coroutines.debug.enable.mutable.state.flows.stack.trace=true -Dfile.encoding=UTF-8 
java_command: com.intellij.rt.junit.JUnitStarter -ideVersion5 -junit5 org.example.Backend.TableStorageManager.TableStorageManagerTest
java_class_path (initial): C:\Users\user\.m2\repository\org\junit\platform\junit-platform-launcher\1.8.1\junit-platform-launcher-1.8.1.jar;E:\IntelliJ IDEA 2024.3.3\lib\idea_rt.jar;E:\IntelliJ IDEA 2024.3.3\plugins\junit\lib\junit5-rt.jar;E:\IntelliJ IDEA 2024.3.3\plugins\junit\lib\junit-rt.jar;E:\jwmSQL\target\test-classes;E:\jwmSQL\target\classes;C:\Users\user\.m2\repository\org\projectlombok\lombok\1.18.36\lombok-1.18.36.jar;C:\Users\user\.m2\repository\org\junit\jupiter\junit-jupiter\5.8.1\junit-jupiter-5.8.1.jar;C:\Users\user\.m2\repository\org\junit\jupiter\junit-jupiter-api\5.8.1\junit-jupiter-api-5.8.1.jar;C:\Users\user\.m2\repository\org\opentest4j\opentest4j\1.2.0\opentest4j-1.2.0.jar;C:\Users\user\.m2\repository\org\junit\platform\junit-platform-commons\1.8.1\junit-platform-commons-1.8.1.jar;C:\Users\user\.m2\repository\org\apiguardian\apiguardian-api\1.1.2\apiguardian-api-1.1.2.jar;C:\Users\user\.m2\repository\org\junit\jupiter\junit-jupiter-params\5.8.1\junit-jupiter-params-5.8.1.jar;C:\Users\user\.m2\repository\org\junit\jupiter\junit-jupiter-engine\5.8.1\junit-jupiter-engine-5.8.1.jar;C:\Users\user\.m2\repository\org\junit\platform\junit-platform-engine\1.8.1\junit-platform-engine-1.8.1.jar;C:\Users\user\.m2\repository\org\apache\commons\commons-collections4\4.4\commons-collections4-4.4.jar;C:\Users\user\.m2\repository\org\mapdb\mapdb\3.1.0\mapdb-3.1.0.jar;C:\Users\user\.m2\repository\org\jetbrains\kotlin\kotlin-stdlib\1.9.255-SNAPSHOT\kotlin-stdlib-1.9.255-20230920.203845-1813.jar;C:\Users\user\.m2\repository\org\jetbrains\annotations\13.0\annotations-13.0.jar;C:\Users\user\.m2\repository\org\eclipse\collections\eclipse-collections-api\10.4.0\eclipse-collections-api-10.4.0.jar;C:\Users\user\.m2\repository\org\eclipse\collections\eclipse-collections\10.4.0\eclipse-collections-10.4.0.jar;C:\Users\user\.m2\repository\org\eclipse\collections\eclipse-collections-forkjoin\10.4.0\eclipse-collections-forkjoin-10.4.0.jar;C:\Users\user\.m2\repository\com\goo
Launcher Type: SUN_STANDARD

[Global flags]
     intx CICompilerCount                          = 3                                         {product} {ergonomic}
     uint ConcGCThreads                            = 1                                         {product} {ergonomic}
     uint G1ConcRefinementThreads                  = 4                                         {product} {ergonomic}
   size_t G1HeapRegionSize                         = 2097152                                   {product} {ergonomic}
    uintx GCDrainStackTargetSize                   = 64                                        {product} {ergonomic}
   size_t InitialHeapSize                          = 268435456                                 {product} {ergonomic}
   size_t MarkStackSize                            = 4194304                                   {product} {ergonomic}
   size_t MaxHeapSize                              = 4278190080                                {product} {ergonomic}
   size_t MaxNewSize                               = 2566914048                                {product} {ergonomic}
   size_t MinHeapDeltaBytes                        = 2097152                                   {product} {ergonomic}
   size_t MinHeapSize                              = 8388608                                   {product} {ergonomic}
    uintx NonNMethodCodeHeapSize                   = 5832780                                {pd product} {ergonomic}
    uintx NonProfiledCodeHeapSize                  = 122912730                              {pd product} {ergonomic}
    uintx ProfiledCodeHeapSize                     = 122912730                              {pd product} {ergonomic}
    uintx ReservedCodeCacheSize                    = 251658240                              {pd product} {ergonomic}
     bool SegmentedCodeCache                       = true                                      {product} {ergonomic}
   size_t SoftMaxHeapSize                          = 4278190080                             {manageable} {ergonomic}
     bool UseCompressedClassPointers               = true                           {product lp64_product} {ergonomic}
     bool UseCompressedOops                        = true                           {product lp64_product} {ergonomic}
     bool UseG1GC                                  = true                                      {product} {ergonomic}
     bool UseLargePagesIndividualAllocation        = false                                  {pd product} {ergonomic}

Logging:
Log output configuration:
 #0: stdout all=warning uptime,level,tags
 #1: stderr all=off uptime,level,tags

Environment Variables:
PATH=C:\Windows\system32;C:\Windows;C:\Windows\System32\Wbem;C:\Windows\System32\WindowsPowerShell\v1.0\;C:\Windows\System32\OpenSSH\;C:\Program Files\NVIDIA Corporation\NVIDIA App\NvDLISR;E:\Git\bin;C:\Users\user\AppData\Local\Microsoft\WindowsApps;
USERNAME=user
OS=Windows_NT
PROCESSOR_IDENTIFIER=Intel64 Family 6 Model 94 Stepping 3, GenuineIntel



---------------  S Y S T E M  ---------------

OS:
 Windows 10 , 64 bit Build 19041 (10.0.19041.5678)
OS uptime: 2 days 8:04 hours

CPU: total 4 (initial active 4) (4 cores per cpu, 1 threads per core) family 6 model 94 stepping 3 microcode 0xcc, cx8, cmov, fxsr, mmx, 3dnowpref, sse, sse2, sse3, ssse3, sse4.1, sse4.2, popcnt, lzcnt, tsc, tscinvbit, avx, avx2, aes, erms, clmul, bmi1, bmi2, adx, fma, vzeroupper, clflush, clflushopt

Memory: 4k page, system-wide physical 16317M (6846M free)
TotalPageFile size 19133M (AvailPageFile size 4801M)
current process WorkingSet (physical memory assigned to process): 73M, peak: 73M
current process commit charge ("private bytes"): 356M, peak: 356M

vm_info: OpenJDK 64-Bit Server VM (17.0.1+12-39) for windows-amd64 JRE (17.0.1+12-39), built on Sep 27 2021 18:39:29 by "mach5one" with MS VC++ 16.8 (VS2019)

END.
